<?xml version="1.0" encoding="UTF-8"?>
<!-- Generated by org.testng.reporters.JUnitReportReporter -->
<testsuite hostname="DESKTOP-EQ55Q8H" failures="0" tests="1" name="testCase.TC0001_accountRegistration" time="2.683" errors="0" timestamp="2025-06-10T13:51:06 IST" skipped="0">
  <testcase classname="testCase.TC0001_accountRegistration" name="Verify_Account_Registration" time="2.683"/>
</testsuite> <!-- testCase.TC0001_accountRegistration -->
