<?xml version="1.0" encoding="UTF-8"?>
<!-- Generated by org.testng.reporters.JUnitReportReporter -->
<testsuite hostname="DESKTOP-EQ55Q8H" failures="0" tests="1" name="testBase.TC0001_accountRegistration" time="2.229" errors="0" timestamp="2025-05-15T14:41:07 IST" skipped="0">
  <testcase classname="testBase.TC0001_accountRegistration" name="Verify_Account_Registration" time="2.229"/>
</testsuite> <!-- testBase.TC0001_accountRegistration -->
