<?xml version="1.0" encoding="UTF-8"?>
<!-- Generated by org.testng.reporters.JUnitReportReporter -->
<testsuite hostname="DESKTOP-EQ55Q8H" failures="0" tests="1" name="testCase.TC0004_searchProduct" time="5.658" errors="0" timestamp="2025-06-10T13:51:06 IST" skipped="0">
  <testcase classname="testCase.TC0004_searchProduct" name="verifysearchProduct" time="5.658"/>
</testsuite> <!-- testCase.TC0004_searchProduct -->
