<?xml version="1.0" encoding="UTF-8"?>
<!-- Generated by org.testng.reporters.JUnitReportReporter -->
<testsuite hostname="DESKTOP-EQ55Q8H" failures="0" tests="1" name="testCase.TC0001_accountRegistration" time="2.534" errors="0" timestamp="2025-05-22T07:45:00 IST" skipped="0">
  <testcase classname="testCase.TC0001_accountRegistration" name="Verify_Account_Registration" time="2.534"/>
</testsuite> <!-- testCase.TC0001_accountRegistration -->
