<?xml version="1.0" encoding="UTF-8"?>
<!-- Generated by org.testng.reporters.JUnitReportReporter -->
<testsuite hostname="DESKTOP-EQ55Q8H" failures="0" tests="1" name="testCase.TC0002_accountLogin" time="1.555" errors="0" timestamp="2025-05-22T07:45:00 IST" skipped="0">
  <testcase classname="testCase.TC0002_accountLogin" name="verifyLogin" time="1.555"/>
</testsuite> <!-- testCase.TC0002_accountLogin -->
